<?xml version="1.0" encoding="UTF-8"?>
<!-- Generated by org.testng.reporters.JUnitReportReporter -->
<testsuite skipped="0" hostname="DESKTOP-FO8G76I" name="test.controller.TestCCapp" tests="6" failures="0" timestamp="18 六月 2020 09:36:07 GMT" time="6.831" errors="0">
  <testcase name="fabulous" time="2.838" classname="test.controller.TestCCapp"/>
  <testcase name="videoPlayback" time="0.738" classname="test.controller.TestCCapp"/>
  <testcase name="videoUpload" time="1.439" classname="test.controller.TestCCapp"/>
  <testcase name="share" time="0.686" classname="test.controller.TestCCapp"/>
  <testcase name="fullplay" time="0.569" classname="test.controller.TestCCapp"/>
  <testcase name="favoriteVideos" time="0.561" classname="test.controller.TestCCapp"/>
</testsuite> <!-- test.controller.TestCCapp -->
