<?xml version="1.0" encoding="UTF-8"?>
<!-- Generated by org.testng.reporters.JUnitReportReporter -->
<testsuite skipped="0" hostname="DESKTOP-FO8G76I" name="test.controller.TestOwner" tests="8" failures="0" timestamp="24 四月 2020 11:24:50 GMT" time="3.633" errors="0">
  <testcase name="queryCurrentSeason" time="0.333" classname="test.controller.TestOwner"/>
  <testcase name="leaderboardList" time="1.622" classname="test.controller.TestOwner"/>
  <testcase name="userInformation" time="0.332" classname="test.controller.TestOwner"/>
  <testcase name="querySeasonNumber" time="0.326" classname="test.controller.TestOwner"/>
  <testcase name="receiveSeasonSettlementAward" time="0.001" classname="test.controller.TestOwner"/>
  <testcase name="querySeasonSettlementRewards" time="0.349" classname="test.controller.TestOwner"/>
  <testcase name="receiveUpgradeAward" time="0.350" classname="test.controller.TestOwner"/>
  <testcase name="queryMyRanking" time="0.320" classname="test.controller.TestOwner"/>
</testsuite> <!-- test.controller.TestOwner -->
