<?xml version="1.0" encoding="UTF-8"?>
<!-- Generated by org.testng.reporters.JUnitReportReporter -->
<testsuite skipped="0" hostname="DESKTOP-FO8G76I" name="test.controller.TestCCapp" tests="6" failures="0" timestamp="18 六月 2020 11:13:16 GMT" time="8.874" errors="0">
  <testcase name="fabulous" time="3.408" classname="test.controller.TestCCapp"/>
  <testcase name="videoPlayback" time="1.085" classname="test.controller.TestCCapp"/>
  <testcase name="videoUpload" time="1.658" classname="test.controller.TestCCapp"/>
  <testcase name="share" time="0.566" classname="test.controller.TestCCapp"/>
  <testcase name="fullplay" time="0.618" classname="test.controller.TestCCapp"/>
  <testcase name="favoriteVideos" time="1.539" classname="test.controller.TestCCapp"/>
</testsuite> <!-- test.controller.TestCCapp -->
