<?xml version="1.0" encoding="UTF-8"?>
<!-- Generated by org.testng.reporters.JUnitReportReporter -->
<testsuite skipped="0" hostname="DESKTOP-FO8G76I" name="test.controller.TestOwner" tests="8" failures="0" timestamp="23 四月 2020 14:55:53 GMT" time="2.245" errors="0">
  <testcase name="querySeasonSettlementRewards" time="0.321" classname="test.controller.TestOwner"/>
  <testcase name="userInformation" time="0.328" classname="test.controller.TestOwner"/>
  <testcase name="receiveSeasonSettlementAward" time="0.000" classname="test.controller.TestOwner"/>
  <testcase name="querySeasonNumber" time="0.317" classname="test.controller.TestOwner"/>
  <testcase name="receiveUpgradeAward" time="0.318" classname="test.controller.TestOwner"/>
  <testcase name="queryCurrentSeason" time="0.311" classname="test.controller.TestOwner"/>
  <testcase name="queryMyRanking" time="0.332" classname="test.controller.TestOwner"/>
  <testcase name="leaderboardList" time="0.318" classname="test.controller.TestOwner"/>
</testsuite> <!-- test.controller.TestOwner -->
