<?xml version="1.0" encoding="UTF-8"?>
<!-- Generated by org.testng.reporters.JUnitReportReporter -->
<testsuite skipped="0" hostname="DESKTOP-FO8G76I" name="test.controller.TestCCapp" tests="6" failures="0" timestamp="23 六月 2020 06:52:13 GMT" time="12.887" errors="0">
  <testcase name="videoPlayback" time="1.349" classname="test.controller.TestCCapp"/>
  <testcase name="fullplay" time="1.630" classname="test.controller.TestCCapp"/>
  <testcase name="share" time="0.590" classname="test.controller.TestCCapp"/>
  <testcase name="fabulous" time="6.267" classname="test.controller.TestCCapp"/>
  <testcase name="favoriteVideos" time="0.878" classname="test.controller.TestCCapp"/>
  <testcase name="videoUpload" time="2.173" classname="test.controller.TestCCapp"/>
</testsuite> <!-- test.controller.TestCCapp -->
